<?xml version="1.0" encoding="UTF-8"?>
<robot generator="Robot 6.0.2 (Python 3.11.3 on win32)" generated="20230519 11:12:30.578" rpa="false" schemaversion="3">
<suite id="s1" name="Curso Alura Robot" source="C:\work\curso_alura_robot">
<suite id="s1-s1" name="Preenchimento Correto" source="C:\work\curso_alura_robot\preenchimento_correto.robot">
<test id="s1-s1-t1" name="Verificar se ao preencher os campos do formulário corretamente os dados são inseridos na lista e se um novo card é criado no time esperado" line="30">
<kw name="Dado que eu acesse o Organo" library="setup_teardown" type="SETUP">
<kw name="Open Browser" library="SeleniumLibrary">
<arg>url=http://localhost:3000/</arg>
<arg>browser=Chrome</arg>
<doc>Opens a new browser instance to the optional ``url``.</doc>
<msg timestamp="20230519 11:12:31.040" level="INFO">Opening browser 'Chrome' to base url 'http://localhost:3000/'.</msg>
<msg timestamp="20230519 11:12:31.045" level="INFO">Applicable driver not found; attempting to install with Selenium Manager (Beta)</msg>
<status status="PASS" starttime="20230519 11:12:31.040" endtime="20230519 11:12:32.985"/>
</kw>
<status status="PASS" starttime="20230519 11:12:31.039" endtime="20230519 11:12:32.986"/>
</kw>
<kw name="Dado que preencha os campos do formulário">
<kw name="First Name" library="FakerLibrary">
<var>${Nome}</var>
<msg timestamp="20230519 11:12:32.987" level="INFO">${Nome} = Nicole</msg>
<status status="PASS" starttime="20230519 11:12:32.987" endtime="20230519 11:12:32.988"/>
</kw>
<kw name="Input Text" library="SeleniumLibrary">
<arg>${CAMPO_NOME}</arg>
<arg>${Nome}</arg>
<doc>Types the given ``text`` into the text field identified by ``locator``.</doc>
<msg timestamp="20230519 11:12:32.990" level="INFO">Typing text 'Nicole' into text field 'id:form-nome'.</msg>
<status status="PASS" starttime="20230519 11:12:32.989" endtime="20230519 11:12:33.110"/>
</kw>
<kw name="Job" library="FakerLibrary">
<var>${Cargo}</var>
<msg timestamp="20230519 11:12:33.111" level="INFO">${Cargo} = Oculista</msg>
<status status="PASS" starttime="20230519 11:12:33.111" endtime="20230519 11:12:33.112"/>
</kw>
<kw name="Input Text" library="SeleniumLibrary">
<arg>${CAMPO_CARGO}</arg>
<arg>${Cargo}</arg>
<doc>Types the given ``text`` into the text field identified by ``locator``.</doc>
<msg timestamp="20230519 11:12:33.113" level="INFO">Typing text 'Oculista' into text field 'id:form-cargo'.</msg>
<status status="PASS" starttime="20230519 11:12:33.113" endtime="20230519 11:12:33.206"/>
</kw>
<kw name="Image Url" library="FakerLibrary">
<var>${Image}</var>
<arg>width=100</arg>
<arg>height=100</arg>
<doc>Returns URL to placeholder image
Example: http://placehold.it/640x480</doc>
<msg timestamp="20230519 11:12:33.209" level="INFO">${Image} = https://placekitten.com/100/100</msg>
<status status="PASS" starttime="20230519 11:12:33.207" endtime="20230519 11:12:33.210"/>
</kw>
<kw name="Input Text" library="SeleniumLibrary">
<arg>${CAMPO_IMAGEM}</arg>
<arg>${Image}</arg>
<doc>Types the given ``text`` into the text field identified by ``locator``.</doc>
<msg timestamp="20230519 11:12:33.211" level="INFO">Typing text 'https://placekitten.com/100/100' into text field 'id:form-imagem'.</msg>
<status status="PASS" starttime="20230519 11:12:33.210" endtime="20230519 11:12:33.433"/>
</kw>
<kw name="Click Element" library="SeleniumLibrary">
<arg>${CAMPO_TIME}</arg>
<doc>Click the element identified by ``locator``.</doc>
<msg timestamp="20230519 11:12:33.435" level="INFO">Clicking element 'class:lista-suspensa'.</msg>
<status status="PASS" starttime="20230519 11:12:33.434" endtime="20230519 11:12:33.519"/>
</kw>
<kw name="Click Element" library="SeleniumLibrary">
<arg>${selecionar_times}[1]</arg>
<doc>Click the element identified by ``locator``.</doc>
<msg timestamp="20230519 11:12:33.520" level="INFO">Clicking element '//option[contains(.,'Front-End')]'.</msg>
<status status="PASS" starttime="20230519 11:12:33.519" endtime="20230519 11:12:33.570"/>
</kw>
<status status="PASS" starttime="20230519 11:12:32.986" endtime="20230519 11:12:33.571"/>
</kw>
<kw name="E clique no botão criar card">
<kw name="Click Element" library="SeleniumLibrary">
<arg>${BOTAO_CARD}</arg>
<doc>Click the element identified by ``locator``.</doc>
<msg timestamp="20230519 11:12:33.573" level="INFO">Clicking element 'id:form-botao'.</msg>
<status status="PASS" starttime="20230519 11:12:33.572" endtime="20230519 11:12:33.665"/>
</kw>
<status status="PASS" starttime="20230519 11:12:33.571" endtime="20230519 11:12:33.665"/>
</kw>
<kw name="Então identificar o card no time esperado">
<kw name="Element Should Be Visible" library="SeleniumLibrary">
<arg>locator=class:colaborador</arg>
<doc>Verifies that the element identified by ``locator`` is visible.</doc>
<msg timestamp="20230519 11:12:33.697" level="INFO">Element 'class:colaborador' is displayed.</msg>
<status status="PASS" starttime="20230519 11:12:33.666" endtime="20230519 11:12:33.697"/>
</kw>
<status status="PASS" starttime="20230519 11:12:33.665" endtime="20230519 11:12:33.697"/>
</kw>
<kw name="Fechar o navegador" library="setup_teardown" type="TEARDOWN">
<kw name="Close Browser" library="SeleniumLibrary">
<doc>Closes the current browser.</doc>
<status status="PASS" starttime="20230519 11:12:33.699" endtime="20230519 11:12:35.800"/>
</kw>
<status status="PASS" starttime="20230519 11:12:33.698" endtime="20230519 11:12:35.800"/>
</kw>
<status status="PASS" starttime="20230519 11:12:31.038" endtime="20230519 11:12:35.800"/>
</test>
<test id="s1-s1-t2" name="Verificar se é possível criar mais de um card se preenchermos os campos corretamente" line="37">
<kw name="Dado que eu acesse o Organo" library="setup_teardown" type="SETUP">
<kw name="Open Browser" library="SeleniumLibrary">
<arg>url=http://localhost:3000/</arg>
<arg>browser=Chrome</arg>
<doc>Opens a new browser instance to the optional ``url``.</doc>
<msg timestamp="20230519 11:12:35.803" level="INFO">Opening browser 'Chrome' to base url 'http://localhost:3000/'.</msg>
<msg timestamp="20230519 11:12:35.808" level="INFO">Applicable driver not found; attempting to install with Selenium Manager (Beta)</msg>
<status status="PASS" starttime="20230519 11:12:35.803" endtime="20230519 11:12:37.626"/>
</kw>
<status status="PASS" starttime="20230519 11:12:35.803" endtime="20230519 11:12:37.626"/>
</kw>
<kw name="Dado que preencha os campos do formulário">
<kw name="First Name" library="FakerLibrary">
<var>${Nome}</var>
<msg timestamp="20230519 11:12:37.628" level="INFO">${Nome} = Davi Lucas</msg>
<status status="PASS" starttime="20230519 11:12:37.628" endtime="20230519 11:12:37.629"/>
</kw>
<kw name="Input Text" library="SeleniumLibrary">
<arg>${CAMPO_NOME}</arg>
<arg>${Nome}</arg>
<doc>Types the given ``text`` into the text field identified by ``locator``.</doc>
<msg timestamp="20230519 11:12:37.631" level="INFO">Typing text 'Davi Lucas' into text field 'id:form-nome'.</msg>
<status status="PASS" starttime="20230519 11:12:37.630" endtime="20230519 11:12:37.772"/>
</kw>
<kw name="Job" library="FakerLibrary">
<var>${Cargo}</var>
<msg timestamp="20230519 11:12:37.774" level="INFO">${Cargo} = Cirurgião bucal</msg>
<status status="PASS" starttime="20230519 11:12:37.773" endtime="20230519 11:12:37.775"/>
</kw>
<kw name="Input Text" library="SeleniumLibrary">
<arg>${CAMPO_CARGO}</arg>
<arg>${Cargo}</arg>
<doc>Types the given ``text`` into the text field identified by ``locator``.</doc>
<msg timestamp="20230519 11:12:37.776" level="INFO">Typing text 'Cirurgião bucal' into text field 'id:form-cargo'.</msg>
<status status="PASS" starttime="20230519 11:12:37.775" endtime="20230519 11:12:37.873"/>
</kw>
<kw name="Image Url" library="FakerLibrary">
<var>${Image}</var>
<arg>width=100</arg>
<arg>height=100</arg>
<doc>Returns URL to placeholder image
Example: http://placehold.it/640x480</doc>
<msg timestamp="20230519 11:12:37.875" level="INFO">${Image} = https://placekitten.com/100/100</msg>
<status status="PASS" starttime="20230519 11:12:37.873" endtime="20230519 11:12:37.876"/>
</kw>
<kw name="Input Text" library="SeleniumLibrary">
<arg>${CAMPO_IMAGEM}</arg>
<arg>${Image}</arg>
<doc>Types the given ``text`` into the text field identified by ``locator``.</doc>
<msg timestamp="20230519 11:12:37.877" level="INFO">Typing text 'https://placekitten.com/100/100' into text field 'id:form-imagem'.</msg>
<status status="PASS" starttime="20230519 11:12:37.876" endtime="20230519 11:12:38.041"/>
</kw>
<kw name="Click Element" library="SeleniumLibrary">
<arg>${CAMPO_TIME}</arg>
<doc>Click the element identified by ``locator``.</doc>
<msg timestamp="20230519 11:12:38.043" level="INFO">Clicking element 'class:lista-suspensa'.</msg>
<status status="PASS" starttime="20230519 11:12:38.042" endtime="20230519 11:12:38.128"/>
</kw>
<kw name="Click Element" library="SeleniumLibrary">
<arg>${selecionar_times}[1]</arg>
<doc>Click the element identified by ``locator``.</doc>
<msg timestamp="20230519 11:12:38.129" level="INFO">Clicking element '//option[contains(.,'Front-End')]'.</msg>
<status status="PASS" starttime="20230519 11:12:38.128" endtime="20230519 11:12:38.173"/>
</kw>
<status status="PASS" starttime="20230519 11:12:37.627" endtime="20230519 11:12:38.173"/>
</kw>
<kw name="E clique no botão criar card">
<kw name="Click Element" library="SeleniumLibrary">
<arg>${BOTAO_CARD}</arg>
<doc>Click the element identified by ``locator``.</doc>
<msg timestamp="20230519 11:12:38.176" level="INFO">Clicking element 'id:form-botao'.</msg>
<status status="PASS" starttime="20230519 11:12:38.175" endtime="20230519 11:12:38.266"/>
</kw>
<status status="PASS" starttime="20230519 11:12:38.175" endtime="20230519 11:12:38.267"/>
</kw>
<kw name="Então identificar 3 cards no time esperado">
<for flavor="IN RANGE">
<var>${i}</var>
<value>1</value>
<value>3</value>
<iter>
<var name="${i}">1</var>
<kw name="Dado que preencha os campos do formulário">
<kw name="First Name" library="FakerLibrary">
<var>${Nome}</var>
<msg timestamp="20230519 11:12:38.269" level="INFO">${Nome} = Isabelly</msg>
<status status="PASS" starttime="20230519 11:12:38.269" endtime="20230519 11:12:38.269"/>
</kw>
<kw name="Input Text" library="SeleniumLibrary">
<arg>${CAMPO_NOME}</arg>
<arg>${Nome}</arg>
<doc>Types the given ``text`` into the text field identified by ``locator``.</doc>
<msg timestamp="20230519 11:12:38.270" level="INFO">Typing text 'Isabelly' into text field 'id:form-nome'.</msg>
<status status="PASS" starttime="20230519 11:12:38.269" endtime="20230519 11:12:38.381"/>
</kw>
<kw name="Job" library="FakerLibrary">
<var>${Cargo}</var>
<msg timestamp="20230519 11:12:38.382" level="INFO">${Cargo} = Gravurista</msg>
<status status="PASS" starttime="20230519 11:12:38.382" endtime="20230519 11:12:38.382"/>
</kw>
<kw name="Input Text" library="SeleniumLibrary">
<arg>${CAMPO_CARGO}</arg>
<arg>${Cargo}</arg>
<doc>Types the given ``text`` into the text field identified by ``locator``.</doc>
<msg timestamp="20230519 11:12:38.383" level="INFO">Typing text 'Gravurista' into text field 'id:form-cargo'.</msg>
<status status="PASS" starttime="20230519 11:12:38.382" endtime="20230519 11:12:38.497"/>
</kw>
<kw name="Image Url" library="FakerLibrary">
<var>${Image}</var>
<arg>width=100</arg>
<arg>height=100</arg>
<doc>Returns URL to placeholder image
Example: http://placehold.it/640x480</doc>
<msg timestamp="20230519 11:12:38.500" level="INFO">${Image} = https://placekitten.com/100/100</msg>
<status status="PASS" starttime="20230519 11:12:38.498" endtime="20230519 11:12:38.500"/>
</kw>
<kw name="Input Text" library="SeleniumLibrary">
<arg>${CAMPO_IMAGEM}</arg>
<arg>${Image}</arg>
<doc>Types the given ``text`` into the text field identified by ``locator``.</doc>
<msg timestamp="20230519 11:12:38.501" level="INFO">Typing text 'https://placekitten.com/100/100' into text field 'id:form-imagem'.</msg>
<status status="PASS" starttime="20230519 11:12:38.500" endtime="20230519 11:12:38.642"/>
</kw>
<kw name="Click Element" library="SeleniumLibrary">
<arg>${CAMPO_TIME}</arg>
<doc>Click the element identified by ``locator``.</doc>
<msg timestamp="20230519 11:12:38.643" level="INFO">Clicking element 'class:lista-suspensa'.</msg>
<status status="PASS" starttime="20230519 11:12:38.642" endtime="20230519 11:12:38.702"/>
</kw>
<kw name="Click Element" library="SeleniumLibrary">
<arg>${selecionar_times}[1]</arg>
<doc>Click the element identified by ``locator``.</doc>
<msg timestamp="20230519 11:12:38.703" level="INFO">Clicking element '//option[contains(.,'Front-End')]'.</msg>
<status status="PASS" starttime="20230519 11:12:38.702" endtime="20230519 11:12:38.740"/>
</kw>
<status status="PASS" starttime="20230519 11:12:38.268" endtime="20230519 11:12:38.741"/>
</kw>
<kw name="E clique no botão criar card">
<kw name="Click Element" library="SeleniumLibrary">
<arg>${BOTAO_CARD}</arg>
<doc>Click the element identified by ``locator``.</doc>
<msg timestamp="20230519 11:12:38.743" level="INFO">Clicking element 'id:form-botao'.</msg>
<status status="PASS" starttime="20230519 11:12:38.742" endtime="20230519 11:12:38.806"/>
</kw>
<status status="PASS" starttime="20230519 11:12:38.741" endtime="20230519 11:12:38.807"/>
</kw>
<status status="PASS" starttime="20230519 11:12:38.268" endtime="20230519 11:12:38.807"/>
</iter>
<iter>
<var name="${i}">2</var>
<kw name="Dado que preencha os campos do formulário">
<kw name="First Name" library="FakerLibrary">
<var>${Nome}</var>
<msg timestamp="20230519 11:12:38.809" level="INFO">${Nome} = Ana Clara</msg>
<status status="PASS" starttime="20230519 11:12:38.808" endtime="20230519 11:12:38.809"/>
</kw>
<kw name="Input Text" library="SeleniumLibrary">
<arg>${CAMPO_NOME}</arg>
<arg>${Nome}</arg>
<doc>Types the given ``text`` into the text field identified by ``locator``.</doc>
<msg timestamp="20230519 11:12:38.810" level="INFO">Typing text 'Ana Clara' into text field 'id:form-nome'.</msg>
<status status="PASS" starttime="20230519 11:12:38.809" endtime="20230519 11:12:38.899"/>
</kw>
<kw name="Job" library="FakerLibrary">
<var>${Cargo}</var>
<msg timestamp="20230519 11:12:38.900" level="INFO">${Cargo} = Museólogo</msg>
<status status="PASS" starttime="20230519 11:12:38.900" endtime="20230519 11:12:38.900"/>
</kw>
<kw name="Input Text" library="SeleniumLibrary">
<arg>${CAMPO_CARGO}</arg>
<arg>${Cargo}</arg>
<doc>Types the given ``text`` into the text field identified by ``locator``.</doc>
<msg timestamp="20230519 11:12:38.902" level="INFO">Typing text 'Museólogo' into text field 'id:form-cargo'.</msg>
<status status="PASS" starttime="20230519 11:12:38.901" endtime="20230519 11:12:38.968"/>
</kw>
<kw name="Image Url" library="FakerLibrary">
<var>${Image}</var>
<arg>width=100</arg>
<arg>height=100</arg>
<doc>Returns URL to placeholder image
Example: http://placehold.it/640x480</doc>
<msg timestamp="20230519 11:12:38.969" level="INFO">${Image} = https://placekitten.com/100/100</msg>
<status status="PASS" starttime="20230519 11:12:38.969" endtime="20230519 11:12:38.970"/>
</kw>
<kw name="Input Text" library="SeleniumLibrary">
<arg>${CAMPO_IMAGEM}</arg>
<arg>${Image}</arg>
<doc>Types the given ``text`` into the text field identified by ``locator``.</doc>
<msg timestamp="20230519 11:12:38.971" level="INFO">Typing text 'https://placekitten.com/100/100' into text field 'id:form-imagem'.</msg>
<status status="PASS" starttime="20230519 11:12:38.970" endtime="20230519 11:12:39.059"/>
</kw>
<kw name="Click Element" library="SeleniumLibrary">
<arg>${CAMPO_TIME}</arg>
<doc>Click the element identified by ``locator``.</doc>
<msg timestamp="20230519 11:12:39.060" level="INFO">Clicking element 'class:lista-suspensa'.</msg>
<status status="PASS" starttime="20230519 11:12:39.060" endtime="20230519 11:12:39.107"/>
</kw>
<kw name="Click Element" library="SeleniumLibrary">
<arg>${selecionar_times}[1]</arg>
<doc>Click the element identified by ``locator``.</doc>
<msg timestamp="20230519 11:12:39.108" level="INFO">Clicking element '//option[contains(.,'Front-End')]'.</msg>
<status status="PASS" starttime="20230519 11:12:39.107" endtime="20230519 11:12:39.129"/>
</kw>
<status status="PASS" starttime="20230519 11:12:38.808" endtime="20230519 11:12:39.130"/>
</kw>
<kw name="E clique no botão criar card">
<kw name="Click Element" library="SeleniumLibrary">
<arg>${BOTAO_CARD}</arg>
<doc>Click the element identified by ``locator``.</doc>
<msg timestamp="20230519 11:12:39.131" level="INFO">Clicking element 'id:form-botao'.</msg>
<status status="PASS" starttime="20230519 11:12:39.130" endtime="20230519 11:12:39.172"/>
</kw>
<status status="PASS" starttime="20230519 11:12:39.130" endtime="20230519 11:12:39.173"/>
</kw>
<status status="PASS" starttime="20230519 11:12:38.807" endtime="20230519 11:12:39.173"/>
</iter>
<status status="PASS" starttime="20230519 11:12:38.268" endtime="20230519 11:12:39.173"/>
</for>
<kw name="Sleep" library="BuiltIn">
<arg>10s</arg>
<doc>Pauses the test executed for the given time.</doc>
<msg timestamp="20230519 11:12:49.173" level="INFO">Slept 10 seconds</msg>
<status status="PASS" starttime="20230519 11:12:39.173" endtime="20230519 11:12:49.176"/>
</kw>
<status status="PASS" starttime="20230519 11:12:38.267" endtime="20230519 11:12:49.178"/>
</kw>
<kw name="Fechar o navegador" library="setup_teardown" type="TEARDOWN">
<kw name="Close Browser" library="SeleniumLibrary">
<doc>Closes the current browser.</doc>
<status status="PASS" starttime="20230519 11:12:49.185" endtime="20230519 11:12:51.310"/>
</kw>
<status status="PASS" starttime="20230519 11:12:49.182" endtime="20230519 11:12:51.310"/>
</kw>
<status status="PASS" starttime="20230519 11:12:35.802" endtime="20230519 11:12:51.311"/>
</test>
<test id="s1-s1-t3" name="Verificar se é possivel criar um card para cada time disponível se preenchermos os campos corretamente" line="42">
<kw name="Dado que eu acesse o Organo" library="setup_teardown" type="SETUP">
<kw name="Open Browser" library="SeleniumLibrary">
<arg>url=http://localhost:3000/</arg>
<arg>browser=Chrome</arg>
<doc>Opens a new browser instance to the optional ``url``.</doc>
<msg timestamp="20230519 11:12:51.314" level="INFO">Opening browser 'Chrome' to base url 'http://localhost:3000/'.</msg>
<msg timestamp="20230519 11:12:51.323" level="INFO">Applicable driver not found; attempting to install with Selenium Manager (Beta)</msg>
<status status="PASS" starttime="20230519 11:12:51.314" endtime="20230519 11:12:53.016"/>
</kw>
<status status="PASS" starttime="20230519 11:12:51.313" endtime="20230519 11:12:53.017"/>
</kw>
<kw name="Dado que preencha os campos do formulário">
<kw name="First Name" library="FakerLibrary">
<var>${Nome}</var>
<msg timestamp="20230519 11:12:53.018" level="INFO">${Nome} = Henrique</msg>
<status status="PASS" starttime="20230519 11:12:53.018" endtime="20230519 11:12:53.019"/>
</kw>
<kw name="Input Text" library="SeleniumLibrary">
<arg>${CAMPO_NOME}</arg>
<arg>${Nome}</arg>
<doc>Types the given ``text`` into the text field identified by ``locator``.</doc>
<msg timestamp="20230519 11:12:53.020" level="INFO">Typing text 'Henrique' into text field 'id:form-nome'.</msg>
<status status="PASS" starttime="20230519 11:12:53.019" endtime="20230519 11:12:53.123"/>
</kw>
<kw name="Job" library="FakerLibrary">
<var>${Cargo}</var>
<msg timestamp="20230519 11:12:53.124" level="INFO">${Cargo} = Afiador de ferramentas</msg>
<status status="PASS" starttime="20230519 11:12:53.124" endtime="20230519 11:12:53.124"/>
</kw>
<kw name="Input Text" library="SeleniumLibrary">
<arg>${CAMPO_CARGO}</arg>
<arg>${Cargo}</arg>
<doc>Types the given ``text`` into the text field identified by ``locator``.</doc>
<msg timestamp="20230519 11:12:53.125" level="INFO">Typing text 'Afiador de ferramentas' into text field 'id:form-cargo'.</msg>
<status status="PASS" starttime="20230519 11:12:53.124" endtime="20230519 11:12:53.209"/>
</kw>
<kw name="Image Url" library="FakerLibrary">
<var>${Image}</var>
<arg>width=100</arg>
<arg>height=100</arg>
<doc>Returns URL to placeholder image
Example: http://placehold.it/640x480</doc>
<msg timestamp="20230519 11:12:53.211" level="INFO">${Image} = https://picsum.photos/100/100</msg>
<status status="PASS" starttime="20230519 11:12:53.209" endtime="20230519 11:12:53.211"/>
</kw>
<kw name="Input Text" library="SeleniumLibrary">
<arg>${CAMPO_IMAGEM}</arg>
<arg>${Image}</arg>
<doc>Types the given ``text`` into the text field identified by ``locator``.</doc>
<msg timestamp="20230519 11:12:53.212" level="INFO">Typing text 'https://picsum.photos/100/100' into text field 'id:form-imagem'.</msg>
<status status="PASS" starttime="20230519 11:12:53.211" endtime="20230519 11:12:53.296"/>
</kw>
<kw name="Click Element" library="SeleniumLibrary">
<arg>${CAMPO_TIME}</arg>
<doc>Click the element identified by ``locator``.</doc>
<msg timestamp="20230519 11:12:53.297" level="INFO">Clicking element 'class:lista-suspensa'.</msg>
<status status="PASS" starttime="20230519 11:12:53.296" endtime="20230519 11:12:53.341"/>
</kw>
<kw name="Click Element" library="SeleniumLibrary">
<arg>${selecionar_times}[1]</arg>
<doc>Click the element identified by ``locator``.</doc>
<msg timestamp="20230519 11:12:53.343" level="INFO">Clicking element '//option[contains(.,'Front-End')]'.</msg>
<status status="PASS" starttime="20230519 11:12:53.342" endtime="20230519 11:12:53.371"/>
</kw>
<status status="PASS" starttime="20230519 11:12:53.017" endtime="20230519 11:12:53.371"/>
</kw>
<kw name="Então criar e identificar 1 card em cada time disponível">
<for flavor="IN ENUMERATE">
<var>${indece}</var>
<var>${time}</var>
<value>@{selecionar_times}</value>
<iter>
<var name="${indece}">0</var>
<var name="${time}">//option[contains(.,'Programação')]</var>
<kw name="Dado que preencha os campos do formulário">
<kw name="First Name" library="FakerLibrary">
<var>${Nome}</var>
<msg timestamp="20230519 11:12:53.373" level="INFO">${Nome} = Marcelo</msg>
<status status="PASS" starttime="20230519 11:12:53.373" endtime="20230519 11:12:53.373"/>
</kw>
<kw name="Input Text" library="SeleniumLibrary">
<arg>${CAMPO_NOME}</arg>
<arg>${Nome}</arg>
<doc>Types the given ``text`` into the text field identified by ``locator``.</doc>
<msg timestamp="20230519 11:12:53.374" level="INFO">Typing text 'Marcelo' into text field 'id:form-nome'.</msg>
<status status="PASS" starttime="20230519 11:12:53.374" endtime="20230519 11:12:53.473"/>
</kw>
<kw name="Job" library="FakerLibrary">
<var>${Cargo}</var>
<msg timestamp="20230519 11:12:53.474" level="INFO">${Cargo} = Psiquiatra</msg>
<status status="PASS" starttime="20230519 11:12:53.473" endtime="20230519 11:12:53.474"/>
</kw>
<kw name="Input Text" library="SeleniumLibrary">
<arg>${CAMPO_CARGO}</arg>
<arg>${Cargo}</arg>
<doc>Types the given ``text`` into the text field identified by ``locator``.</doc>
<msg timestamp="20230519 11:12:53.475" level="INFO">Typing text 'Psiquiatra' into text field 'id:form-cargo'.</msg>
<status status="PASS" starttime="20230519 11:12:53.474" endtime="20230519 11:12:53.540"/>
</kw>
<kw name="Image Url" library="FakerLibrary">
<var>${Image}</var>
<arg>width=100</arg>
<arg>height=100</arg>
<doc>Returns URL to placeholder image
Example: http://placehold.it/640x480</doc>
<msg timestamp="20230519 11:12:53.542" level="INFO">${Image} = https://picsum.photos/100/100</msg>
<status status="PASS" starttime="20230519 11:12:53.541" endtime="20230519 11:12:53.542"/>
</kw>
<kw name="Input Text" library="SeleniumLibrary">
<arg>${CAMPO_IMAGEM}</arg>
<arg>${Image}</arg>
<doc>Types the given ``text`` into the text field identified by ``locator``.</doc>
<msg timestamp="20230519 11:12:53.543" level="INFO">Typing text 'https://picsum.photos/100/100' into text field 'id:form-imagem'.</msg>
<status status="PASS" starttime="20230519 11:12:53.542" endtime="20230519 11:12:53.623"/>
</kw>
<kw name="Click Element" library="SeleniumLibrary">
<arg>${CAMPO_TIME}</arg>
<doc>Click the element identified by ``locator``.</doc>
<msg timestamp="20230519 11:12:53.624" level="INFO">Clicking element 'class:lista-suspensa'.</msg>
<status status="PASS" starttime="20230519 11:12:53.623" endtime="20230519 11:12:53.663"/>
</kw>
<kw name="Click Element" library="SeleniumLibrary">
<arg>${selecionar_times}[1]</arg>
<doc>Click the element identified by ``locator``.</doc>
<msg timestamp="20230519 11:12:53.664" level="INFO">Clicking element '//option[contains(.,'Front-End')]'.</msg>
<status status="PASS" starttime="20230519 11:12:53.663" endtime="20230519 11:12:53.682"/>
</kw>
<status status="PASS" starttime="20230519 11:12:53.373" endtime="20230519 11:12:53.682"/>
</kw>
<kw name="Click Element" library="SeleniumLibrary">
<arg>${time}</arg>
<doc>Click the element identified by ``locator``.</doc>
<msg timestamp="20230519 11:12:53.684" level="INFO">Clicking element '//option[contains(.,'Programação')]'.</msg>
<status status="PASS" starttime="20230519 11:12:53.682" endtime="20230519 11:12:53.704"/>
</kw>
<kw name="E clique no botão criar card">
<kw name="Click Element" library="SeleniumLibrary">
<arg>${BOTAO_CARD}</arg>
<doc>Click the element identified by ``locator``.</doc>
<msg timestamp="20230519 11:12:53.706" level="INFO">Clicking element 'id:form-botao'.</msg>
<status status="PASS" starttime="20230519 11:12:53.705" endtime="20230519 11:12:53.809"/>
</kw>
<status status="PASS" starttime="20230519 11:12:53.705" endtime="20230519 11:12:53.809"/>
</kw>
<status status="PASS" starttime="20230519 11:12:53.372" endtime="20230519 11:12:53.809"/>
</iter>
<iter>
<var name="${indece}">1</var>
<var name="${time}">//option[contains(.,'Front-End')]</var>
<kw name="Dado que preencha os campos do formulário">
<kw name="First Name" library="FakerLibrary">
<var>${Nome}</var>
<msg timestamp="20230519 11:12:53.810" level="INFO">${Nome} = Calebe</msg>
<status status="PASS" starttime="20230519 11:12:53.810" endtime="20230519 11:12:53.810"/>
</kw>
<kw name="Input Text" library="SeleniumLibrary">
<arg>${CAMPO_NOME}</arg>
<arg>${Nome}</arg>
<doc>Types the given ``text`` into the text field identified by ``locator``.</doc>
<msg timestamp="20230519 11:12:53.811" level="INFO">Typing text 'Calebe' into text field 'id:form-nome'.</msg>
<status status="PASS" starttime="20230519 11:12:53.810" endtime="20230519 11:12:53.868"/>
</kw>
<kw name="Job" library="FakerLibrary">
<var>${Cargo}</var>
<msg timestamp="20230519 11:12:53.869" level="INFO">${Cargo} = Fundidor de placa de gesso</msg>
<status status="PASS" starttime="20230519 11:12:53.868" endtime="20230519 11:12:53.869"/>
</kw>
<kw name="Input Text" library="SeleniumLibrary">
<arg>${CAMPO_CARGO}</arg>
<arg>${Cargo}</arg>
<doc>Types the given ``text`` into the text field identified by ``locator``.</doc>
<msg timestamp="20230519 11:12:53.870" level="INFO">Typing text 'Fundidor de placa de gesso' into text field 'id:form-cargo'.</msg>
<status status="PASS" starttime="20230519 11:12:53.869" endtime="20230519 11:12:53.957"/>
</kw>
<kw name="Image Url" library="FakerLibrary">
<var>${Image}</var>
<arg>width=100</arg>
<arg>height=100</arg>
<doc>Returns URL to placeholder image
Example: http://placehold.it/640x480</doc>
<msg timestamp="20230519 11:12:53.959" level="INFO">${Image} = https://placekitten.com/100/100</msg>
<status status="PASS" starttime="20230519 11:12:53.958" endtime="20230519 11:12:53.959"/>
</kw>
<kw name="Input Text" library="SeleniumLibrary">
<arg>${CAMPO_IMAGEM}</arg>
<arg>${Image}</arg>
<doc>Types the given ``text`` into the text field identified by ``locator``.</doc>
<msg timestamp="20230519 11:12:53.960" level="INFO">Typing text 'https://placekitten.com/100/100' into text field 'id:form-imagem'.</msg>
<status status="PASS" starttime="20230519 11:12:53.959" endtime="20230519 11:12:54.052"/>
</kw>
<kw name="Click Element" library="SeleniumLibrary">
<arg>${CAMPO_TIME}</arg>
<doc>Click the element identified by ``locator``.</doc>
<msg timestamp="20230519 11:12:54.053" level="INFO">Clicking element 'class:lista-suspensa'.</msg>
<status status="PASS" starttime="20230519 11:12:54.052" endtime="20230519 11:12:54.098"/>
</kw>
<kw name="Click Element" library="SeleniumLibrary">
<arg>${selecionar_times}[1]</arg>
<doc>Click the element identified by ``locator``.</doc>
<msg timestamp="20230519 11:12:54.099" level="INFO">Clicking element '//option[contains(.,'Front-End')]'.</msg>
<status status="PASS" starttime="20230519 11:12:54.098" endtime="20230519 11:12:54.120"/>
</kw>
<status status="PASS" starttime="20230519 11:12:53.809" endtime="20230519 11:12:54.120"/>
</kw>
<kw name="Click Element" library="SeleniumLibrary">
<arg>${time}</arg>
<doc>Click the element identified by ``locator``.</doc>
<msg timestamp="20230519 11:12:54.121" level="INFO">Clicking element '//option[contains(.,'Front-End')]'.</msg>
<status status="PASS" starttime="20230519 11:12:54.120" endtime="20230519 11:12:54.140"/>
</kw>
<kw name="E clique no botão criar card">
<kw name="Click Element" library="SeleniumLibrary">
<arg>${BOTAO_CARD}</arg>
<doc>Click the element identified by ``locator``.</doc>
<msg timestamp="20230519 11:12:54.141" level="INFO">Clicking element 'id:form-botao'.</msg>
<status status="PASS" starttime="20230519 11:12:54.140" endtime="20230519 11:12:54.179"/>
</kw>
<status status="PASS" starttime="20230519 11:12:54.140" endtime="20230519 11:12:54.179"/>
</kw>
<status status="PASS" starttime="20230519 11:12:53.809" endtime="20230519 11:12:54.179"/>
</iter>
<iter>
<var name="${indece}">2</var>
<var name="${time}">//option[contains(.,'Data Science')]</var>
<kw name="Dado que preencha os campos do formulário">
<kw name="First Name" library="FakerLibrary">
<var>${Nome}</var>
<msg timestamp="20230519 11:12:54.180" level="INFO">${Nome} = Helena</msg>
<status status="PASS" starttime="20230519 11:12:54.180" endtime="20230519 11:12:54.181"/>
</kw>
<kw name="Input Text" library="SeleniumLibrary">
<arg>${CAMPO_NOME}</arg>
<arg>${Nome}</arg>
<doc>Types the given ``text`` into the text field identified by ``locator``.</doc>
<msg timestamp="20230519 11:12:54.181" level="INFO">Typing text 'Helena' into text field 'id:form-nome'.</msg>
<status status="PASS" starttime="20230519 11:12:54.181" endtime="20230519 11:12:54.239"/>
</kw>
<kw name="Job" library="FakerLibrary">
<var>${Cargo}</var>
<msg timestamp="20230519 11:12:54.240" level="INFO">${Cargo} = Engenheiro agrimensor</msg>
<status status="PASS" starttime="20230519 11:12:54.239" endtime="20230519 11:12:54.240"/>
</kw>
<kw name="Input Text" library="SeleniumLibrary">
<arg>${CAMPO_CARGO}</arg>
<arg>${Cargo}</arg>
<doc>Types the given ``text`` into the text field identified by ``locator``.</doc>
<msg timestamp="20230519 11:12:54.241" level="INFO">Typing text 'Engenheiro agrimensor' into text field 'id:form-cargo'.</msg>
<status status="PASS" starttime="20230519 11:12:54.240" endtime="20230519 11:12:54.310"/>
</kw>
<kw name="Image Url" library="FakerLibrary">
<var>${Image}</var>
<arg>width=100</arg>
<arg>height=100</arg>
<doc>Returns URL to placeholder image
Example: http://placehold.it/640x480</doc>
<msg timestamp="20230519 11:12:54.311" level="INFO">${Image} = https://placekitten.com/100/100</msg>
<status status="PASS" starttime="20230519 11:12:54.310" endtime="20230519 11:12:54.311"/>
</kw>
<kw name="Input Text" library="SeleniumLibrary">
<arg>${CAMPO_IMAGEM}</arg>
<arg>${Image}</arg>
<doc>Types the given ``text`` into the text field identified by ``locator``.</doc>
<msg timestamp="20230519 11:12:54.312" level="INFO">Typing text 'https://placekitten.com/100/100' into text field 'id:form-imagem'.</msg>
<status status="PASS" starttime="20230519 11:12:54.311" endtime="20230519 11:12:54.389"/>
</kw>
<kw name="Click Element" library="SeleniumLibrary">
<arg>${CAMPO_TIME}</arg>
<doc>Click the element identified by ``locator``.</doc>
<msg timestamp="20230519 11:12:54.391" level="INFO">Clicking element 'class:lista-suspensa'.</msg>
<status status="PASS" starttime="20230519 11:12:54.390" endtime="20230519 11:12:54.429"/>
</kw>
<kw name="Click Element" library="SeleniumLibrary">
<arg>${selecionar_times}[1]</arg>
<doc>Click the element identified by ``locator``.</doc>
<msg timestamp="20230519 11:12:54.431" level="INFO">Clicking element '//option[contains(.,'Front-End')]'.</msg>
<status status="PASS" starttime="20230519 11:12:54.430" endtime="20230519 11:12:54.452"/>
</kw>
<status status="PASS" starttime="20230519 11:12:54.180" endtime="20230519 11:12:54.452"/>
</kw>
<kw name="Click Element" library="SeleniumLibrary">
<arg>${time}</arg>
<doc>Click the element identified by ``locator``.</doc>
<msg timestamp="20230519 11:12:54.453" level="INFO">Clicking element '//option[contains(.,'Data Science')]'.</msg>
<status status="PASS" starttime="20230519 11:12:54.453" endtime="20230519 11:12:54.474"/>
</kw>
<kw name="E clique no botão criar card">
<kw name="Click Element" library="SeleniumLibrary">
<arg>${BOTAO_CARD}</arg>
<doc>Click the element identified by ``locator``.</doc>
<msg timestamp="20230519 11:12:54.475" level="INFO">Clicking element 'id:form-botao'.</msg>
<status status="PASS" starttime="20230519 11:12:54.474" endtime="20230519 11:12:54.508"/>
</kw>
<status status="PASS" starttime="20230519 11:12:54.474" endtime="20230519 11:12:54.509"/>
</kw>
<status status="PASS" starttime="20230519 11:12:54.179" endtime="20230519 11:12:54.509"/>
</iter>
<iter>
<var name="${indece}">3</var>
<var name="${time}">//option[contains(.,'Devops')]</var>
<kw name="Dado que preencha os campos do formulário">
<kw name="First Name" library="FakerLibrary">
<var>${Nome}</var>
<msg timestamp="20230519 11:12:54.510" level="INFO">${Nome} = Ian</msg>
<status status="PASS" starttime="20230519 11:12:54.509" endtime="20230519 11:12:54.510"/>
</kw>
<kw name="Input Text" library="SeleniumLibrary">
<arg>${CAMPO_NOME}</arg>
<arg>${Nome}</arg>
<doc>Types the given ``text`` into the text field identified by ``locator``.</doc>
<msg timestamp="20230519 11:12:54.511" level="INFO">Typing text 'Ian' into text field 'id:form-nome'.</msg>
<status status="PASS" starttime="20230519 11:12:54.510" endtime="20230519 11:12:54.562"/>
</kw>
<kw name="Job" library="FakerLibrary">
<var>${Cargo}</var>
<msg timestamp="20230519 11:12:54.563" level="INFO">${Cargo} = General</msg>
<status status="PASS" starttime="20230519 11:12:54.563" endtime="20230519 11:12:54.564"/>
</kw>
<kw name="Input Text" library="SeleniumLibrary">
<arg>${CAMPO_CARGO}</arg>
<arg>${Cargo}</arg>
<doc>Types the given ``text`` into the text field identified by ``locator``.</doc>
<msg timestamp="20230519 11:12:54.565" level="INFO">Typing text 'General' into text field 'id:form-cargo'.</msg>
<status status="PASS" starttime="20230519 11:12:54.564" endtime="20230519 11:12:54.621"/>
</kw>
<kw name="Image Url" library="FakerLibrary">
<var>${Image}</var>
<arg>width=100</arg>
<arg>height=100</arg>
<doc>Returns URL to placeholder image
Example: http://placehold.it/640x480</doc>
<msg timestamp="20230519 11:12:54.622" level="INFO">${Image} = https://dummyimage.com/100x100</msg>
<status status="PASS" starttime="20230519 11:12:54.621" endtime="20230519 11:12:54.623"/>
</kw>
<kw name="Input Text" library="SeleniumLibrary">
<arg>${CAMPO_IMAGEM}</arg>
<arg>${Image}</arg>
<doc>Types the given ``text`` into the text field identified by ``locator``.</doc>
<msg timestamp="20230519 11:12:54.623" level="INFO">Typing text 'https://dummyimage.com/100x100' into text field 'id:form-imagem'.</msg>
<status status="PASS" starttime="20230519 11:12:54.623" endtime="20230519 11:12:54.697"/>
</kw>
<kw name="Click Element" library="SeleniumLibrary">
<arg>${CAMPO_TIME}</arg>
<doc>Click the element identified by ``locator``.</doc>
<msg timestamp="20230519 11:12:54.698" level="INFO">Clicking element 'class:lista-suspensa'.</msg>
<status status="PASS" starttime="20230519 11:12:54.698" endtime="20230519 11:12:54.740"/>
</kw>
<kw name="Click Element" library="SeleniumLibrary">
<arg>${selecionar_times}[1]</arg>
<doc>Click the element identified by ``locator``.</doc>
<msg timestamp="20230519 11:12:54.741" level="INFO">Clicking element '//option[contains(.,'Front-End')]'.</msg>
<status status="PASS" starttime="20230519 11:12:54.740" endtime="20230519 11:12:54.759"/>
</kw>
<status status="PASS" starttime="20230519 11:12:54.509" endtime="20230519 11:12:54.759"/>
</kw>
<kw name="Click Element" library="SeleniumLibrary">
<arg>${time}</arg>
<doc>Click the element identified by ``locator``.</doc>
<msg timestamp="20230519 11:12:54.760" level="INFO">Clicking element '//option[contains(.,'Devops')]'.</msg>
<status status="PASS" starttime="20230519 11:12:54.760" endtime="20230519 11:12:54.780"/>
</kw>
<kw name="E clique no botão criar card">
<kw name="Click Element" library="SeleniumLibrary">
<arg>${BOTAO_CARD}</arg>
<doc>Click the element identified by ``locator``.</doc>
<msg timestamp="20230519 11:12:54.781" level="INFO">Clicking element 'id:form-botao'.</msg>
<status status="PASS" starttime="20230519 11:12:54.781" endtime="20230519 11:12:54.816"/>
</kw>
<status status="PASS" starttime="20230519 11:12:54.780" endtime="20230519 11:12:54.817"/>
</kw>
<status status="PASS" starttime="20230519 11:12:54.509" endtime="20230519 11:12:54.817"/>
</iter>
<iter>
<var name="${indece}">4</var>
<var name="${time}">//option[contains(.,'UX e Design')]</var>
<kw name="Dado que preencha os campos do formulário">
<kw name="First Name" library="FakerLibrary">
<var>${Nome}</var>
<msg timestamp="20230519 11:12:54.818" level="INFO">${Nome} = Elisa</msg>
<status status="PASS" starttime="20230519 11:12:54.817" endtime="20230519 11:12:54.818"/>
</kw>
<kw name="Input Text" library="SeleniumLibrary">
<arg>${CAMPO_NOME}</arg>
<arg>${Nome}</arg>
<doc>Types the given ``text`` into the text field identified by ``locator``.</doc>
<msg timestamp="20230519 11:12:54.819" level="INFO">Typing text 'Elisa' into text field 'id:form-nome'.</msg>
<status status="PASS" starttime="20230519 11:12:54.818" endtime="20230519 11:12:54.875"/>
</kw>
<kw name="Job" library="FakerLibrary">
<var>${Cargo}</var>
<msg timestamp="20230519 11:12:54.876" level="INFO">${Cargo} = Eletricista de automóveis</msg>
<status status="PASS" starttime="20230519 11:12:54.875" endtime="20230519 11:12:54.876"/>
</kw>
<kw name="Input Text" library="SeleniumLibrary">
<arg>${CAMPO_CARGO}</arg>
<arg>${Cargo}</arg>
<doc>Types the given ``text`` into the text field identified by ``locator``.</doc>
<msg timestamp="20230519 11:12:54.877" level="INFO">Typing text 'Eletricista de automóveis' into text field 'id:form-cargo'.</msg>
<status status="PASS" starttime="20230519 11:12:54.876" endtime="20230519 11:12:54.946"/>
</kw>
<kw name="Image Url" library="FakerLibrary">
<var>${Image}</var>
<arg>width=100</arg>
<arg>height=100</arg>
<doc>Returns URL to placeholder image
Example: http://placehold.it/640x480</doc>
<msg timestamp="20230519 11:12:54.947" level="INFO">${Image} = https://picsum.photos/100/100</msg>
<status status="PASS" starttime="20230519 11:12:54.947" endtime="20230519 11:12:54.947"/>
</kw>
<kw name="Input Text" library="SeleniumLibrary">
<arg>${CAMPO_IMAGEM}</arg>
<arg>${Image}</arg>
<doc>Types the given ``text`` into the text field identified by ``locator``.</doc>
<msg timestamp="20230519 11:12:54.948" level="INFO">Typing text 'https://picsum.photos/100/100' into text field 'id:form-imagem'.</msg>
<status status="PASS" starttime="20230519 11:12:54.948" endtime="20230519 11:12:55.024"/>
</kw>
<kw name="Click Element" library="SeleniumLibrary">
<arg>${CAMPO_TIME}</arg>
<doc>Click the element identified by ``locator``.</doc>
<msg timestamp="20230519 11:12:55.025" level="INFO">Clicking element 'class:lista-suspensa'.</msg>
<status status="PASS" starttime="20230519 11:12:55.024" endtime="20230519 11:12:55.062"/>
</kw>
<kw name="Click Element" library="SeleniumLibrary">
<arg>${selecionar_times}[1]</arg>
<doc>Click the element identified by ``locator``.</doc>
<msg timestamp="20230519 11:12:55.063" level="INFO">Clicking element '//option[contains(.,'Front-End')]'.</msg>
<status status="PASS" starttime="20230519 11:12:55.063" endtime="20230519 11:12:55.083"/>
</kw>
<status status="PASS" starttime="20230519 11:12:54.817" endtime="20230519 11:12:55.083"/>
</kw>
<kw name="Click Element" library="SeleniumLibrary">
<arg>${time}</arg>
<doc>Click the element identified by ``locator``.</doc>
<msg timestamp="20230519 11:12:55.084" level="INFO">Clicking element '//option[contains(.,'UX e Design')]'.</msg>
<status status="PASS" starttime="20230519 11:12:55.084" endtime="20230519 11:12:55.105"/>
</kw>
<kw name="E clique no botão criar card">
<kw name="Click Element" library="SeleniumLibrary">
<arg>${BOTAO_CARD}</arg>
<doc>Click the element identified by ``locator``.</doc>
<msg timestamp="20230519 11:12:55.106" level="INFO">Clicking element 'id:form-botao'.</msg>
<status status="PASS" starttime="20230519 11:12:55.106" endtime="20230519 11:12:55.140"/>
</kw>
<status status="PASS" starttime="20230519 11:12:55.106" endtime="20230519 11:12:55.141"/>
</kw>
<status status="PASS" starttime="20230519 11:12:54.817" endtime="20230519 11:12:55.141"/>
</iter>
<iter>
<var name="${indece}">5</var>
<var name="${time}">//option[contains(.,'Mobile')]</var>
<kw name="Dado que preencha os campos do formulário">
<kw name="First Name" library="FakerLibrary">
<var>${Nome}</var>
<msg timestamp="20230519 11:12:55.142" level="INFO">${Nome} = João Gabriel</msg>
<status status="PASS" starttime="20230519 11:12:55.141" endtime="20230519 11:12:55.142"/>
</kw>
<kw name="Input Text" library="SeleniumLibrary">
<arg>${CAMPO_NOME}</arg>
<arg>${Nome}</arg>
<doc>Types the given ``text`` into the text field identified by ``locator``.</doc>
<msg timestamp="20230519 11:12:55.143" level="INFO">Typing text 'João Gabriel' into text field 'id:form-nome'.</msg>
<status status="PASS" starttime="20230519 11:12:55.142" endtime="20230519 11:12:55.202"/>
</kw>
<kw name="Job" library="FakerLibrary">
<var>${Cargo}</var>
<msg timestamp="20230519 11:12:55.203" level="INFO">${Cargo} = Bioquímico</msg>
<status status="PASS" starttime="20230519 11:12:55.202" endtime="20230519 11:12:55.203"/>
</kw>
<kw name="Input Text" library="SeleniumLibrary">
<arg>${CAMPO_CARGO}</arg>
<arg>${Cargo}</arg>
<doc>Types the given ``text`` into the text field identified by ``locator``.</doc>
<msg timestamp="20230519 11:12:55.204" level="INFO">Typing text 'Bioquímico' into text field 'id:form-cargo'.</msg>
<status status="PASS" starttime="20230519 11:12:55.204" endtime="20230519 11:12:55.266"/>
</kw>
<kw name="Image Url" library="FakerLibrary">
<var>${Image}</var>
<arg>width=100</arg>
<arg>height=100</arg>
<doc>Returns URL to placeholder image
Example: http://placehold.it/640x480</doc>
<msg timestamp="20230519 11:12:55.267" level="INFO">${Image} = https://dummyimage.com/100x100</msg>
<status status="PASS" starttime="20230519 11:12:55.266" endtime="20230519 11:12:55.267"/>
</kw>
<kw name="Input Text" library="SeleniumLibrary">
<arg>${CAMPO_IMAGEM}</arg>
<arg>${Image}</arg>
<doc>Types the given ``text`` into the text field identified by ``locator``.</doc>
<msg timestamp="20230519 11:12:55.268" level="INFO">Typing text 'https://dummyimage.com/100x100' into text field 'id:form-imagem'.</msg>
<status status="PASS" starttime="20230519 11:12:55.267" endtime="20230519 11:12:55.340"/>
</kw>
<kw name="Click Element" library="SeleniumLibrary">
<arg>${CAMPO_TIME}</arg>
<doc>Click the element identified by ``locator``.</doc>
<msg timestamp="20230519 11:12:55.342" level="INFO">Clicking element 'class:lista-suspensa'.</msg>
<status status="PASS" starttime="20230519 11:12:55.341" endtime="20230519 11:12:55.381"/>
</kw>
<kw name="Click Element" library="SeleniumLibrary">
<arg>${selecionar_times}[1]</arg>
<doc>Click the element identified by ``locator``.</doc>
<msg timestamp="20230519 11:12:55.383" level="INFO">Clicking element '//option[contains(.,'Front-End')]'.</msg>
<status status="PASS" starttime="20230519 11:12:55.381" endtime="20230519 11:12:55.401"/>
</kw>
<status status="PASS" starttime="20230519 11:12:55.141" endtime="20230519 11:12:55.401"/>
</kw>
<kw name="Click Element" library="SeleniumLibrary">
<arg>${time}</arg>
<doc>Click the element identified by ``locator``.</doc>
<msg timestamp="20230519 11:12:55.403" level="INFO">Clicking element '//option[contains(.,'Mobile')]'.</msg>
<status status="PASS" starttime="20230519 11:12:55.401" endtime="20230519 11:12:55.422"/>
</kw>
<kw name="E clique no botão criar card">
<kw name="Click Element" library="SeleniumLibrary">
<arg>${BOTAO_CARD}</arg>
<doc>Click the element identified by ``locator``.</doc>
<msg timestamp="20230519 11:12:55.424" level="INFO">Clicking element 'id:form-botao'.</msg>
<status status="PASS" starttime="20230519 11:12:55.423" endtime="20230519 11:12:55.459"/>
</kw>
<status status="PASS" starttime="20230519 11:12:55.423" endtime="20230519 11:12:55.459"/>
</kw>
<status status="PASS" starttime="20230519 11:12:55.141" endtime="20230519 11:12:55.459"/>
</iter>
<iter>
<var name="${indece}">6</var>
<var name="${time}">//option[contains(.,'Inovação e Gestão')]</var>
<kw name="Dado que preencha os campos do formulário">
<kw name="First Name" library="FakerLibrary">
<var>${Nome}</var>
<msg timestamp="20230519 11:12:55.460" level="INFO">${Nome} = Samuel</msg>
<status status="PASS" starttime="20230519 11:12:55.460" endtime="20230519 11:12:55.460"/>
</kw>
<kw name="Input Text" library="SeleniumLibrary">
<arg>${CAMPO_NOME}</arg>
<arg>${Nome}</arg>
<doc>Types the given ``text`` into the text field identified by ``locator``.</doc>
<msg timestamp="20230519 11:12:55.461" level="INFO">Typing text 'Samuel' into text field 'id:form-nome'.</msg>
<status status="PASS" starttime="20230519 11:12:55.460" endtime="20230519 11:12:55.517"/>
</kw>
<kw name="Job" library="FakerLibrary">
<var>${Cargo}</var>
<msg timestamp="20230519 11:12:55.518" level="INFO">${Cargo} = Regente</msg>
<status status="PASS" starttime="20230519 11:12:55.517" endtime="20230519 11:12:55.518"/>
</kw>
<kw name="Input Text" library="SeleniumLibrary">
<arg>${CAMPO_CARGO}</arg>
<arg>${Cargo}</arg>
<doc>Types the given ``text`` into the text field identified by ``locator``.</doc>
<msg timestamp="20230519 11:12:55.519" level="INFO">Typing text 'Regente' into text field 'id:form-cargo'.</msg>
<status status="PASS" starttime="20230519 11:12:55.518" endtime="20230519 11:12:55.577"/>
</kw>
<kw name="Image Url" library="FakerLibrary">
<var>${Image}</var>
<arg>width=100</arg>
<arg>height=100</arg>
<doc>Returns URL to placeholder image
Example: http://placehold.it/640x480</doc>
<msg timestamp="20230519 11:12:55.578" level="INFO">${Image} = https://placekitten.com/100/100</msg>
<status status="PASS" starttime="20230519 11:12:55.577" endtime="20230519 11:12:55.578"/>
</kw>
<kw name="Input Text" library="SeleniumLibrary">
<arg>${CAMPO_IMAGEM}</arg>
<arg>${Image}</arg>
<doc>Types the given ``text`` into the text field identified by ``locator``.</doc>
<msg timestamp="20230519 11:12:55.579" level="INFO">Typing text 'https://placekitten.com/100/100' into text field 'id:form-imagem'.</msg>
<status status="PASS" starttime="20230519 11:12:55.578" endtime="20230519 11:12:55.650"/>
</kw>
<kw name="Click Element" library="SeleniumLibrary">
<arg>${CAMPO_TIME}</arg>
<doc>Click the element identified by ``locator``.</doc>
<msg timestamp="20230519 11:12:55.651" level="INFO">Clicking element 'class:lista-suspensa'.</msg>
<status status="PASS" starttime="20230519 11:12:55.650" endtime="20230519 11:12:55.690"/>
</kw>
<kw name="Click Element" library="SeleniumLibrary">
<arg>${selecionar_times}[1]</arg>
<doc>Click the element identified by ``locator``.</doc>
<msg timestamp="20230519 11:12:55.691" level="INFO">Clicking element '//option[contains(.,'Front-End')]'.</msg>
<status status="PASS" starttime="20230519 11:12:55.690" endtime="20230519 11:12:55.711"/>
</kw>
<status status="PASS" starttime="20230519 11:12:55.460" endtime="20230519 11:12:55.711"/>
</kw>
<kw name="Click Element" library="SeleniumLibrary">
<arg>${time}</arg>
<doc>Click the element identified by ``locator``.</doc>
<msg timestamp="20230519 11:12:55.712" level="INFO">Clicking element '//option[contains(.,'Inovação e Gestão')]'.</msg>
<status status="PASS" starttime="20230519 11:12:55.712" endtime="20230519 11:12:55.733"/>
</kw>
<kw name="E clique no botão criar card">
<kw name="Click Element" library="SeleniumLibrary">
<arg>${BOTAO_CARD}</arg>
<doc>Click the element identified by ``locator``.</doc>
<msg timestamp="20230519 11:12:55.735" level="INFO">Clicking element 'id:form-botao'.</msg>
<status status="PASS" starttime="20230519 11:12:55.734" endtime="20230519 11:12:55.767"/>
</kw>
<status status="PASS" starttime="20230519 11:12:55.734" endtime="20230519 11:12:55.768"/>
</kw>
<status status="PASS" starttime="20230519 11:12:55.459" endtime="20230519 11:12:55.768"/>
</iter>
<status status="PASS" starttime="20230519 11:12:53.372" endtime="20230519 11:12:55.768"/>
</for>
<kw name="Sleep" library="BuiltIn">
<arg>10s</arg>
<doc>Pauses the test executed for the given time.</doc>
<msg timestamp="20230519 11:13:05.769" level="INFO">Slept 10 seconds</msg>
<status status="PASS" starttime="20230519 11:12:55.768" endtime="20230519 11:13:05.769"/>
</kw>
<status status="PASS" starttime="20230519 11:12:53.372" endtime="20230519 11:13:05.770"/>
</kw>
<kw name="Sleep" library="BuiltIn">
<arg>10s</arg>
<arg>reason=None</arg>
<doc>Pauses the test executed for the given time.</doc>
<msg timestamp="20230519 11:13:15.771" level="INFO">Slept 10 seconds</msg>
<status status="PASS" starttime="20230519 11:13:05.770" endtime="20230519 11:13:15.772"/>
</kw>
<kw name="Fechar o navegador" library="setup_teardown" type="TEARDOWN">
<kw name="Close Browser" library="SeleniumLibrary">
<doc>Closes the current browser.</doc>
<status status="PASS" starttime="20230519 11:13:15.773" endtime="20230519 11:13:17.882"/>
</kw>
<status status="PASS" starttime="20230519 11:13:15.773" endtime="20230519 11:13:17.882"/>
</kw>
<status status="PASS" starttime="20230519 11:12:51.312" endtime="20230519 11:13:17.883"/>
</test>
<status status="PASS" starttime="20230519 11:12:30.611" endtime="20230519 11:13:17.885"/>
</suite>
<status status="PASS" starttime="20230519 11:12:30.580" endtime="20230519 11:13:17.887"/>
</suite>
<statistics>
<total>
<stat pass="3" fail="0" skip="0">All Tests</stat>
</total>
<tag>
</tag>
<suite>
<stat pass="3" fail="0" skip="0" id="s1" name="Curso Alura Robot">Curso Alura Robot</stat>
<stat pass="3" fail="0" skip="0" id="s1-s1" name="Preenchimento Correto">Curso Alura Robot.Preenchimento Correto</stat>
</suite>
</statistics>
<errors>
</errors>
</robot>
